[1.963s] DEBUG:colcon:Command line arguments: ['/usr/bin/colcon', 'build', '--symlink-install']
[1.963s] DEBUG:colcon:Parsed command line arguments: Namespace(log_base=None, log_level=None, verb_name='build', build_base='build', install_base='install', merge_install=False, symlink_install=True, test_result_base=None, continue_on_error=False, executor='parallel', parallel_workers=4, event_handlers=None, ignore_user_meta=False, metas=['./colcon.meta'], base_paths=['.'], packages_ignore=None, packages_ignore_regex=None, paths=None, packages_up_to=None, packages_up_to_regex=None, packages_above=None, packages_above_and_dependencies=None, packages_above_depth=None, packages_select_by_dep=None, packages_skip_by_dep=None, packages_skip_up_to=None, packages_select_build_failed=False, packages_skip_build_finished=False, packages_select_test_failures=False, packages_skip_test_passed=False, packages_select=None, packages_skip=None, packages_select_regex=None, packages_skip_regex=None, packages_start=None, packages_end=None, allow_overriding=[], cmake_args=None, cmake_target=None, cmake_target_skip_unavailable=False, cmake_clean_cache=False, cmake_clean_first=False, cmake_force_configure=False, ament_cmake_args=None, catkin_cmake_args=None, catkin_skip_building_tests=False, verb_parser=<colcon_defaults.argument_parser.defaults.DefaultArgumentsDecorator object at 0x7f0e30c76650>, verb_extension=<colcon_core.verb.build.BuildVerb object at 0x7f0e310d35e0>, main=<bound method BuildVerb.main of <colcon_core.verb.build.BuildVerb object at 0x7f0e310d35e0>>)
[2.048s] Level 1:colcon.colcon_core.package_discovery:discover_packages(colcon_meta) check parameters
[2.048s] Level 1:colcon.colcon_core.package_discovery:discover_packages(recursive) check parameters
[2.049s] Level 1:colcon.colcon_core.package_discovery:discover_packages(ignore) check parameters
[2.049s] Level 1:colcon.colcon_core.package_discovery:discover_packages(path) check parameters
[2.049s] Level 1:colcon.colcon_core.package_discovery:discover_packages(colcon_meta) discover
[2.049s] Level 1:colcon.colcon_core.package_discovery:discover_packages(recursive) discover
[2.049s] INFO:colcon.colcon_core.package_discovery:Crawling recursively for packages in '/home/davide/motor-control1'
[2.049s] Level 1:colcon.colcon_core.package_identification:_identify(.) by extensions ['ignore', 'ignore_ament_install']
[2.049s] Level 1:colcon.colcon_core.package_identification:_identify(.) by extension 'ignore'
[2.049s] Level 1:colcon.colcon_core.package_identification:_identify(.) by extension 'ignore_ament_install'
[2.049s] Level 1:colcon.colcon_core.package_identification:_identify(.) by extensions ['colcon_pkg']
[2.050s] Level 1:colcon.colcon_core.package_identification:_identify(.) by extension 'colcon_pkg'
[2.050s] Level 1:colcon.colcon_core.package_identification:_identify(.) by extensions ['colcon_meta']
[2.050s] Level 1:colcon.colcon_core.package_identification:_identify(.) by extension 'colcon_meta'
[2.050s] Level 1:colcon.colcon_core.package_identification:_identify(.) by extensions ['ros']
[2.050s] Level 1:colcon.colcon_core.package_identification:_identify(.) by extension 'ros'
[2.070s] Level 1:colcon.colcon_core.package_identification:_identify(.) by extensions ['cmake', 'python']
[2.070s] Level 1:colcon.colcon_core.package_identification:_identify(.) by extension 'cmake'
[2.070s] Level 1:colcon.colcon_core.package_identification:_identify(.) by extension 'python'
[2.071s] Level 1:colcon.colcon_core.package_identification:_identify(.) by extensions ['python_setup_py']
[2.071s] Level 1:colcon.colcon_core.package_identification:_identify(.) by extension 'python_setup_py'
[2.071s] Level 1:colcon.colcon_core.package_identification:_identify(build) by extensions ['ignore', 'ignore_ament_install']
[2.071s] Level 1:colcon.colcon_core.package_identification:_identify(build) by extension 'ignore'
[2.071s] Level 1:colcon.colcon_core.package_identification:_identify(build) ignored
[2.071s] Level 1:colcon.colcon_core.package_identification:_identify(install) by extensions ['ignore', 'ignore_ament_install']
[2.071s] Level 1:colcon.colcon_core.package_identification:_identify(install) by extension 'ignore'
[2.071s] Level 1:colcon.colcon_core.package_identification:_identify(install) ignored
[2.072s] Level 1:colcon.colcon_core.package_identification:_identify(log) by extensions ['ignore', 'ignore_ament_install']
[2.072s] Level 1:colcon.colcon_core.package_identification:_identify(log) by extension 'ignore'
[2.072s] Level 1:colcon.colcon_core.package_identification:_identify(log) ignored
[2.072s] Level 1:colcon.colcon_core.package_identification:_identify(src) by extensions ['ignore', 'ignore_ament_install']
[2.072s] Level 1:colcon.colcon_core.package_identification:_identify(src) by extension 'ignore'
[2.072s] Level 1:colcon.colcon_core.package_identification:_identify(src) by extension 'ignore_ament_install'
[2.072s] Level 1:colcon.colcon_core.package_identification:_identify(src) by extensions ['colcon_pkg']
[2.072s] Level 1:colcon.colcon_core.package_identification:_identify(src) by extension 'colcon_pkg'
[2.072s] Level 1:colcon.colcon_core.package_identification:_identify(src) by extensions ['colcon_meta']
[2.072s] Level 1:colcon.colcon_core.package_identification:_identify(src) by extension 'colcon_meta'
[2.073s] Level 1:colcon.colcon_core.package_identification:_identify(src) by extensions ['ros']
[2.073s] Level 1:colcon.colcon_core.package_identification:_identify(src) by extension 'ros'
[2.073s] Level 1:colcon.colcon_core.package_identification:_identify(src) by extensions ['cmake', 'python']
[2.073s] Level 1:colcon.colcon_core.package_identification:_identify(src) by extension 'cmake'
[2.073s] Level 1:colcon.colcon_core.package_identification:_identify(src) by extension 'python'
[2.073s] Level 1:colcon.colcon_core.package_identification:_identify(src) by extensions ['python_setup_py']
[2.073s] Level 1:colcon.colcon_core.package_identification:_identify(src) by extension 'python_setup_py'
[2.073s] Level 1:colcon.colcon_core.package_identification:_identify(src/rogue) by extensions ['ignore', 'ignore_ament_install']
[2.073s] Level 1:colcon.colcon_core.package_identification:_identify(src/rogue) by extension 'ignore'
[2.074s] Level 1:colcon.colcon_core.package_identification:_identify(src/rogue) by extension 'ignore_ament_install'
[2.074s] Level 1:colcon.colcon_core.package_identification:_identify(src/rogue) by extensions ['colcon_pkg']
[2.074s] Level 1:colcon.colcon_core.package_identification:_identify(src/rogue) by extension 'colcon_pkg'
[2.074s] Level 1:colcon.colcon_core.package_identification:_identify(src/rogue) by extensions ['colcon_meta']
[2.074s] Level 1:colcon.colcon_core.package_identification:_identify(src/rogue) by extension 'colcon_meta'
[2.074s] Level 1:colcon.colcon_core.package_identification:_identify(src/rogue) by extensions ['ros']
[2.074s] Level 1:colcon.colcon_core.package_identification:_identify(src/rogue) by extension 'ros'
[2.080s] DEBUG:colcon.colcon_core.package_identification:Package 'src/rogue' with type 'ros.ament_cmake' and name 'rogue'
[2.080s] Level 1:colcon.colcon_core.package_discovery:discover_packages(recursive) using defaults
[2.080s] Level 1:colcon.colcon_core.package_discovery:discover_packages(ignore) discover
[2.080s] Level 1:colcon.colcon_core.package_discovery:discover_packages(ignore) using defaults
[2.080s] Level 1:colcon.colcon_core.package_discovery:discover_packages(path) discover
[2.081s] Level 1:colcon.colcon_core.package_discovery:discover_packages(path) using defaults
[2.260s] Level 1:colcon.colcon_core.package_discovery:discover_packages(prefix_path) check parameters
[2.261s] Level 1:colcon.colcon_core.package_discovery:discover_packages(prefix_path) discover
[2.317s] DEBUG:colcon.colcon_installed_package_information.package_discovery:Found 1 installed packages in /home/davide/motor-control1/install
[2.345s] DEBUG:colcon.colcon_installed_package_information.package_discovery:Found 335 installed packages in /opt/ros/humble
[2.349s] Level 1:colcon.colcon_core.package_discovery:discover_packages(prefix_path) using defaults
[2.564s] Level 5:colcon.colcon_core.verb:set package 'rogue' build argument 'cmake_args' from command line to 'None'
[2.564s] Level 5:colcon.colcon_core.verb:set package 'rogue' build argument 'cmake_target' from command line to 'None'
[2.564s] Level 5:colcon.colcon_core.verb:set package 'rogue' build argument 'cmake_target_skip_unavailable' from command line to 'False'
[2.564s] Level 5:colcon.colcon_core.verb:set package 'rogue' build argument 'cmake_clean_cache' from command line to 'False'
[2.564s] Level 5:colcon.colcon_core.verb:set package 'rogue' build argument 'cmake_clean_first' from command line to 'False'
[2.564s] Level 5:colcon.colcon_core.verb:set package 'rogue' build argument 'cmake_force_configure' from command line to 'False'
[2.564s] Level 5:colcon.colcon_core.verb:set package 'rogue' build argument 'ament_cmake_args' from command line to 'None'
[2.564s] Level 5:colcon.colcon_core.verb:set package 'rogue' build argument 'catkin_cmake_args' from command line to 'None'
[2.565s] Level 5:colcon.colcon_core.verb:set package 'rogue' build argument 'catkin_skip_building_tests' from command line to 'False'
[2.565s] DEBUG:colcon.colcon_core.verb:Building package 'rogue' with the following arguments: {'ament_cmake_args': None, 'build_base': '/home/davide/motor-control1/build/rogue', 'catkin_cmake_args': None, 'catkin_skip_building_tests': False, 'cmake_args': None, 'cmake_clean_cache': False, 'cmake_clean_first': False, 'cmake_force_configure': False, 'cmake_target': None, 'cmake_target_skip_unavailable': False, 'install_base': '/home/davide/motor-control1/install/rogue', 'merge_install': False, 'path': '/home/davide/motor-control1/src/rogue', 'symlink_install': True, 'test_result_base': None}
[2.596s] INFO:colcon.colcon_core.executor:Executing jobs using 'parallel' executor
[2.627s] DEBUG:colcon.colcon_parallel_executor.executor.parallel:run_until_complete
[2.627s] INFO:colcon.colcon_ros.task.ament_cmake.build:Building ROS package in '/home/davide/motor-control1/src/rogue' with build type 'ament_cmake'
[2.627s] INFO:colcon.colcon_cmake.task.cmake.build:Building CMake package in '/home/davide/motor-control1/src/rogue'
[2.663s] INFO:colcon.colcon_core.plugin_system:Skipping extension 'colcon_core.shell.bat': Not used on non-Windows systems
[2.663s] INFO:colcon.colcon_core.shell:Skip shell extension 'powershell' for command environment: Not usable outside of PowerShell
[2.663s] DEBUG:colcon.colcon_core.shell:Skip shell extension 'dsv' for command environment
[2.787s] DEBUG:colcon.colcon_core.event_handler.log_command:Invoking command in '/home/davide/motor-control1/build/rogue': CMAKE_PREFIX_PATH=${CMAKE_PREFIX_PATH}:/opt/ros/humble /usr/bin/cmake --build /home/davide/motor-control1/build/rogue -- -j4 -l4
[2.849s] DEBUG:colcon.colcon_core.event_handler.log_command:Invoked command in '/home/davide/motor-control1/build/rogue' returned '0': CMAKE_PREFIX_PATH=${CMAKE_PREFIX_PATH}:/opt/ros/humble /usr/bin/cmake --build /home/davide/motor-control1/build/rogue -- -j4 -l4
[2.894s] DEBUG:colcon.colcon_core.event_handler.log_command:Invoking command in '/home/davide/motor-control1/build/rogue': CMAKE_PREFIX_PATH=${CMAKE_PREFIX_PATH}:/opt/ros/humble /usr/bin/cmake --install /home/davide/motor-control1/build/rogue
[2.929s] Level 1:colcon.colcon_core.environment:create_environment_scripts_only(rogue)
[2.930s] DEBUG:colcon.colcon_core.event_handler.log_command:Invoked command in '/home/davide/motor-control1/build/rogue' returned '0': CMAKE_PREFIX_PATH=${CMAKE_PREFIX_PATH}:/opt/ros/humble /usr/bin/cmake --install /home/davide/motor-control1/build/rogue
[2.975s] Level 1:colcon.colcon_core.environment:checking '/home/davide/motor-control1/install/rogue' for CMake module files
[2.976s] Level 1:colcon.colcon_core.environment:checking '/home/davide/motor-control1/install/rogue' for CMake config files
[2.977s] Level 1:colcon.colcon_core.shell:create_environment_hook('rogue', 'cmake_prefix_path')
[3.017s] INFO:colcon.colcon_core.shell:Creating environment hook '/home/davide/motor-control1/install/rogue/share/rogue/hook/cmake_prefix_path.ps1'
[3.018s] INFO:colcon.colcon_core.shell:Creating environment descriptor '/home/davide/motor-control1/install/rogue/share/rogue/hook/cmake_prefix_path.dsv'
[3.019s] INFO:colcon.colcon_core.shell:Creating environment hook '/home/davide/motor-control1/install/rogue/share/rogue/hook/cmake_prefix_path.sh'
[3.020s] Level 1:colcon.colcon_core.environment:checking '/home/davide/motor-control1/install/rogue/bin'
[3.021s] Level 1:colcon.colcon_core.environment:checking '/home/davide/motor-control1/install/rogue/lib/pkgconfig/rogue.pc'
[3.021s] Level 1:colcon.colcon_core.environment:checking '/home/davide/motor-control1/install/rogue/lib/python3.10/site-packages'
[3.022s] Level 1:colcon.colcon_core.environment:checking '/home/davide/motor-control1/install/rogue/bin'
[3.050s] INFO:colcon.colcon_core.shell:Creating package script '/home/davide/motor-control1/install/rogue/share/rogue/package.ps1'
[3.052s] INFO:colcon.colcon_core.shell:Creating package descriptor '/home/davide/motor-control1/install/rogue/share/rogue/package.dsv'
[3.053s] INFO:colcon.colcon_core.shell:Creating package script '/home/davide/motor-control1/install/rogue/share/rogue/package.sh'
[3.054s] INFO:colcon.colcon_core.shell:Creating package script '/home/davide/motor-control1/install/rogue/share/rogue/package.bash'
[3.056s] INFO:colcon.colcon_core.shell:Creating package script '/home/davide/motor-control1/install/rogue/share/rogue/package.zsh'
[3.057s] Level 1:colcon.colcon_core.environment:create_file_with_runtime_dependencies(/home/davide/motor-control1/install/rogue/share/colcon-core/packages/rogue)
[3.117s] Level 1:colcon.colcon_core.environment:create_environment_scripts_only(rogue)
[3.148s] Level 1:colcon.colcon_core.environment:checking '/home/davide/motor-control1/install/rogue' for CMake module files
[3.149s] Level 1:colcon.colcon_core.environment:checking '/home/davide/motor-control1/install/rogue' for CMake config files
[3.150s] Level 1:colcon.colcon_core.shell:create_environment_hook('rogue', 'cmake_prefix_path')
[3.180s] INFO:colcon.colcon_core.shell:Creating environment hook '/home/davide/motor-control1/install/rogue/share/rogue/hook/cmake_prefix_path.ps1'
[3.181s] INFO:colcon.colcon_core.shell:Creating environment descriptor '/home/davide/motor-control1/install/rogue/share/rogue/hook/cmake_prefix_path.dsv'
[3.182s] INFO:colcon.colcon_core.shell:Creating environment hook '/home/davide/motor-control1/install/rogue/share/rogue/hook/cmake_prefix_path.sh'
[3.182s] Level 1:colcon.colcon_core.environment:checking '/home/davide/motor-control1/install/rogue/bin'
[3.183s] Level 1:colcon.colcon_core.environment:checking '/home/davide/motor-control1/install/rogue/lib/pkgconfig/rogue.pc'
[3.183s] Level 1:colcon.colcon_core.environment:checking '/home/davide/motor-control1/install/rogue/lib/python3.10/site-packages'
[3.183s] Level 1:colcon.colcon_core.environment:checking '/home/davide/motor-control1/install/rogue/bin'
[3.213s] INFO:colcon.colcon_core.shell:Creating package script '/home/davide/motor-control1/install/rogue/share/rogue/package.ps1'
[3.214s] INFO:colcon.colcon_core.shell:Creating package descriptor '/home/davide/motor-control1/install/rogue/share/rogue/package.dsv'
[3.214s] INFO:colcon.colcon_core.shell:Creating package script '/home/davide/motor-control1/install/rogue/share/rogue/package.sh'
[3.215s] INFO:colcon.colcon_core.shell:Creating package script '/home/davide/motor-control1/install/rogue/share/rogue/package.bash'
[3.216s] INFO:colcon.colcon_core.shell:Creating package script '/home/davide/motor-control1/install/rogue/share/rogue/package.zsh'
[3.216s] Level 1:colcon.colcon_core.environment:create_file_with_runtime_dependencies(/home/davide/motor-control1/install/rogue/share/colcon-core/packages/rogue)
[3.217s] DEBUG:colcon.colcon_parallel_executor.executor.parallel:closing loop
[3.217s] DEBUG:colcon.colcon_parallel_executor.executor.parallel:loop closed
[3.217s] DEBUG:colcon.colcon_parallel_executor.executor.parallel:run_until_complete finished with '0'
[3.217s] DEBUG:colcon.colcon_core.event_reactor:joining thread
[3.255s] INFO:colcon.colcon_core.plugin_system:Skipping extension 'colcon_notification.desktop_notification.terminal_notifier': Not used on non-Darwin systems
[3.255s] INFO:colcon.colcon_core.plugin_system:Skipping extension 'colcon_notification.desktop_notification.win32': Not used on non-Windows systems
[3.255s] INFO:colcon.colcon_notification.desktop_notification:Sending desktop notification using 'notify2'
[3.280s] DEBUG:colcon.colcon_core.event_reactor:joined thread
[3.310s] INFO:colcon.colcon_core.shell:Creating prefix script '/home/davide/motor-control1/install/local_setup.ps1'
[3.311s] INFO:colcon.colcon_core.shell:Creating prefix util module '/home/davide/motor-control1/install/_local_setup_util_ps1.py'
[3.314s] INFO:colcon.colcon_core.shell:Creating prefix chain script '/home/davide/motor-control1/install/setup.ps1'
[3.345s] INFO:colcon.colcon_core.shell:Creating prefix script '/home/davide/motor-control1/install/local_setup.sh'
[3.346s] INFO:colcon.colcon_core.shell:Creating prefix util module '/home/davide/motor-control1/install/_local_setup_util_sh.py'
[3.347s] INFO:colcon.colcon_core.shell:Creating prefix chain script '/home/davide/motor-control1/install/setup.sh'
[3.378s] INFO:colcon.colcon_core.shell:Creating prefix script '/home/davide/motor-control1/install/local_setup.bash'
[3.378s] INFO:colcon.colcon_core.shell:Creating prefix chain script '/home/davide/motor-control1/install/setup.bash'
[3.409s] INFO:colcon.colcon_core.shell:Creating prefix script '/home/davide/motor-control1/install/local_setup.zsh'
[3.410s] INFO:colcon.colcon_core.shell:Creating prefix chain script '/home/davide/motor-control1/install/setup.zsh'
