[2.010s] DEBUG:colcon:Command line arguments: ['/usr/bin/colcon', 'build', '--symlink-install']
[2.010s] DEBUG:colcon:Parsed command line arguments: Namespace(log_base=None, log_level=None, verb_name='build', build_base='build', install_base='install', merge_install=False, symlink_install=True, test_result_base=None, continue_on_error=False, executor='parallel', parallel_workers=4, event_handlers=None, ignore_user_meta=False, metas=['./colcon.meta'], base_paths=['.'], packages_ignore=None, packages_ignore_regex=None, paths=None, packages_up_to=None, packages_up_to_regex=None, packages_above=None, packages_above_and_dependencies=None, packages_above_depth=None, packages_select_by_dep=None, packages_skip_by_dep=None, packages_skip_up_to=None, packages_select_build_failed=False, packages_skip_build_finished=False, packages_select_test_failures=False, packages_skip_test_passed=False, packages_select=None, packages_skip=None, packages_select_regex=None, packages_skip_regex=None, packages_start=None, packages_end=None, allow_overriding=[], cmake_args=None, cmake_target=None, cmake_target_skip_unavailable=False, cmake_clean_cache=False, cmake_clean_first=False, cmake_force_configure=False, ament_cmake_args=None, catkin_cmake_args=None, catkin_skip_building_tests=False, verb_parser=<colcon_defaults.argument_parser.defaults.DefaultArgumentsDecorator object at 0x7fdb9f2a4880>, verb_extension=<colcon_core.verb.build.BuildVerb object at 0x7fdba03d3f40>, main=<bound method BuildVerb.main of <colcon_core.verb.build.BuildVerb object at 0x7fdba03d3f40>>)
[2.117s] Level 1:colcon.colcon_core.package_discovery:discover_packages(colcon_meta) check parameters
[2.117s] Level 1:colcon.colcon_core.package_discovery:discover_packages(recursive) check parameters
[2.118s] Level 1:colcon.colcon_core.package_discovery:discover_packages(ignore) check parameters
[2.118s] Level 1:colcon.colcon_core.package_discovery:discover_packages(path) check parameters
[2.118s] Level 1:colcon.colcon_core.package_discovery:discover_packages(colcon_meta) discover
[2.118s] Level 1:colcon.colcon_core.package_discovery:discover_packages(recursive) discover
[2.119s] INFO:colcon.colcon_core.package_discovery:Crawling recursively for packages in '/home/davide/motor-control'
[2.119s] Level 1:colcon.colcon_core.package_identification:_identify(.) by extensions ['ignore', 'ignore_ament_install']
[2.119s] Level 1:colcon.colcon_core.package_identification:_identify(.) by extension 'ignore'
[2.119s] Level 1:colcon.colcon_core.package_identification:_identify(.) by extension 'ignore_ament_install'
[2.120s] Level 1:colcon.colcon_core.package_identification:_identify(.) by extensions ['colcon_pkg']
[2.120s] Level 1:colcon.colcon_core.package_identification:_identify(.) by extension 'colcon_pkg'
[2.120s] Level 1:colcon.colcon_core.package_identification:_identify(.) by extensions ['colcon_meta']
[2.120s] Level 1:colcon.colcon_core.package_identification:_identify(.) by extension 'colcon_meta'
[2.120s] Level 1:colcon.colcon_core.package_identification:_identify(.) by extensions ['ros']
[2.121s] Level 1:colcon.colcon_core.package_identification:_identify(.) by extension 'ros'
[2.140s] Level 1:colcon.colcon_core.package_identification:_identify(.) by extensions ['cmake', 'python']
[2.141s] Level 1:colcon.colcon_core.package_identification:_identify(.) by extension 'cmake'
[2.141s] Level 1:colcon.colcon_core.package_identification:_identify(.) by extension 'python'
[2.141s] Level 1:colcon.colcon_core.package_identification:_identify(.) by extensions ['python_setup_py']
[2.141s] Level 1:colcon.colcon_core.package_identification:_identify(.) by extension 'python_setup_py'
[2.142s] Level 1:colcon.colcon_core.package_identification:_identify(build) by extensions ['ignore', 'ignore_ament_install']
[2.142s] Level 1:colcon.colcon_core.package_identification:_identify(build) by extension 'ignore'
[2.142s] Level 1:colcon.colcon_core.package_identification:_identify(build) ignored
[2.143s] Level 1:colcon.colcon_core.package_identification:_identify(install) by extensions ['ignore', 'ignore_ament_install']
[2.143s] Level 1:colcon.colcon_core.package_identification:_identify(install) by extension 'ignore'
[2.143s] Level 1:colcon.colcon_core.package_identification:_identify(install) ignored
[2.143s] Level 1:colcon.colcon_core.package_identification:_identify(log) by extensions ['ignore', 'ignore_ament_install']
[2.144s] Level 1:colcon.colcon_core.package_identification:_identify(log) by extension 'ignore'
[2.144s] Level 1:colcon.colcon_core.package_identification:_identify(log) ignored
[2.144s] Level 1:colcon.colcon_core.package_identification:_identify(src) by extensions ['ignore', 'ignore_ament_install']
[2.144s] Level 1:colcon.colcon_core.package_identification:_identify(src) by extension 'ignore'
[2.145s] Level 1:colcon.colcon_core.package_identification:_identify(src) by extension 'ignore_ament_install'
[2.145s] Level 1:colcon.colcon_core.package_identification:_identify(src) by extensions ['colcon_pkg']
[2.145s] Level 1:colcon.colcon_core.package_identification:_identify(src) by extension 'colcon_pkg'
[2.145s] Level 1:colcon.colcon_core.package_identification:_identify(src) by extensions ['colcon_meta']
[2.146s] Level 1:colcon.colcon_core.package_identification:_identify(src) by extension 'colcon_meta'
[2.146s] Level 1:colcon.colcon_core.package_identification:_identify(src) by extensions ['ros']
[2.146s] Level 1:colcon.colcon_core.package_identification:_identify(src) by extension 'ros'
[2.146s] Level 1:colcon.colcon_core.package_identification:_identify(src) by extensions ['cmake', 'python']
[2.147s] Level 1:colcon.colcon_core.package_identification:_identify(src) by extension 'cmake'
[2.147s] Level 1:colcon.colcon_core.package_identification:_identify(src) by extension 'python'
[2.147s] Level 1:colcon.colcon_core.package_identification:_identify(src) by extensions ['python_setup_py']
[2.147s] Level 1:colcon.colcon_core.package_identification:_identify(src) by extension 'python_setup_py'
[2.148s] Level 1:colcon.colcon_core.package_identification:_identify(src/rogue) by extensions ['ignore', 'ignore_ament_install']
[2.148s] Level 1:colcon.colcon_core.package_identification:_identify(src/rogue) by extension 'ignore'
[2.148s] Level 1:colcon.colcon_core.package_identification:_identify(src/rogue) by extension 'ignore_ament_install'
[2.148s] Level 1:colcon.colcon_core.package_identification:_identify(src/rogue) by extensions ['colcon_pkg']
[2.148s] Level 1:colcon.colcon_core.package_identification:_identify(src/rogue) by extension 'colcon_pkg'
[2.149s] Level 1:colcon.colcon_core.package_identification:_identify(src/rogue) by extensions ['colcon_meta']
[2.149s] Level 1:colcon.colcon_core.package_identification:_identify(src/rogue) by extension 'colcon_meta'
[2.149s] Level 1:colcon.colcon_core.package_identification:_identify(src/rogue) by extensions ['ros']
[2.149s] Level 1:colcon.colcon_core.package_identification:_identify(src/rogue) by extension 'ros'
[2.156s] DEBUG:colcon.colcon_core.package_identification:Package 'src/rogue' with type 'ros.ament_cmake' and name 'rogue'
[2.156s] Level 1:colcon.colcon_core.package_discovery:discover_packages(recursive) using defaults
[2.157s] Level 1:colcon.colcon_core.package_discovery:discover_packages(ignore) discover
[2.157s] Level 1:colcon.colcon_core.package_discovery:discover_packages(ignore) using defaults
[2.157s] Level 1:colcon.colcon_core.package_discovery:discover_packages(path) discover
[2.157s] Level 1:colcon.colcon_core.package_discovery:discover_packages(path) using defaults
[2.310s] Level 1:colcon.colcon_core.package_discovery:discover_packages(prefix_path) check parameters
[2.311s] Level 1:colcon.colcon_core.package_discovery:discover_packages(prefix_path) discover
[2.337s] WARNING:colcon.colcon_ros.prefix_path.ament:The path '/home/davide/motor-control/install/motor_control' in the environment variable AMENT_PREFIX_PATH doesn't exist
[2.361s] DEBUG:colcon.colcon_installed_package_information.package_discovery:Found 1 installed packages in /home/davide/motor-control/install
[2.386s] DEBUG:colcon.colcon_installed_package_information.package_discovery:Found 335 installed packages in /opt/ros/humble
[2.390s] Level 1:colcon.colcon_core.package_discovery:discover_packages(prefix_path) using defaults
[2.640s] Level 5:colcon.colcon_core.verb:set package 'rogue' build argument 'cmake_args' from command line to 'None'
[2.641s] Level 5:colcon.colcon_core.verb:set package 'rogue' build argument 'cmake_target' from command line to 'None'
[2.641s] Level 5:colcon.colcon_core.verb:set package 'rogue' build argument 'cmake_target_skip_unavailable' from command line to 'False'
[2.641s] Level 5:colcon.colcon_core.verb:set package 'rogue' build argument 'cmake_clean_cache' from command line to 'False'
[2.641s] Level 5:colcon.colcon_core.verb:set package 'rogue' build argument 'cmake_clean_first' from command line to 'False'
[2.641s] Level 5:colcon.colcon_core.verb:set package 'rogue' build argument 'cmake_force_configure' from command line to 'False'
[2.642s] Level 5:colcon.colcon_core.verb:set package 'rogue' build argument 'ament_cmake_args' from command line to 'None'
[2.642s] Level 5:colcon.colcon_core.verb:set package 'rogue' build argument 'catkin_cmake_args' from command line to 'None'
[2.642s] Level 5:colcon.colcon_core.verb:set package 'rogue' build argument 'catkin_skip_building_tests' from command line to 'False'
[2.642s] DEBUG:colcon.colcon_core.verb:Building package 'rogue' with the following arguments: {'ament_cmake_args': None, 'build_base': '/home/davide/motor-control/build/rogue', 'catkin_cmake_args': None, 'catkin_skip_building_tests': False, 'cmake_args': None, 'cmake_clean_cache': False, 'cmake_clean_first': False, 'cmake_force_configure': False, 'cmake_target': None, 'cmake_target_skip_unavailable': False, 'install_base': '/home/davide/motor-control/install/rogue', 'merge_install': False, 'path': '/home/davide/motor-control/src/rogue', 'symlink_install': True, 'test_result_base': None}
[2.666s] INFO:colcon.colcon_core.executor:Executing jobs using 'parallel' executor
[2.691s] DEBUG:colcon.colcon_parallel_executor.executor.parallel:run_until_complete
[2.692s] INFO:colcon.colcon_ros.task.ament_cmake.build:Building ROS package in '/home/davide/motor-control/src/rogue' with build type 'ament_cmake'
[2.692s] INFO:colcon.colcon_cmake.task.cmake.build:Building CMake package in '/home/davide/motor-control/src/rogue'
[2.724s] INFO:colcon.colcon_core.plugin_system:Skipping extension 'colcon_core.shell.bat': Not used on non-Windows systems
[2.724s] INFO:colcon.colcon_core.shell:Skip shell extension 'powershell' for command environment: Not usable outside of PowerShell
[2.724s] DEBUG:colcon.colcon_core.shell:Skip shell extension 'dsv' for command environment
[2.805s] DEBUG:colcon.colcon_core.event_handler.log_command:Invoking command in '/home/davide/motor-control/build/rogue': CMAKE_PREFIX_PATH=${CMAKE_PREFIX_PATH}:/home/davide/motor-control/install/motor_control:/opt/ros/humble /usr/bin/cmake --build /home/davide/motor-control/build/rogue -- -j4 -l4
[2.934s] DEBUG:colcon.colcon_core.event_handler.log_command:Invoked command in '/home/davide/motor-control/build/rogue' returned '0': CMAKE_PREFIX_PATH=${CMAKE_PREFIX_PATH}:/home/davide/motor-control/install/motor_control:/opt/ros/humble /usr/bin/cmake --build /home/davide/motor-control/build/rogue -- -j4 -l4
[2.970s] DEBUG:colcon.colcon_core.event_handler.log_command:Invoking command in '/home/davide/motor-control/build/rogue': CMAKE_PREFIX_PATH=${CMAKE_PREFIX_PATH}:/home/davide/motor-control/install/motor_control:/opt/ros/humble /usr/bin/cmake --install /home/davide/motor-control/build/rogue
[3.019s] Level 1:colcon.colcon_core.environment:create_environment_scripts_only(rogue)
[3.020s] DEBUG:colcon.colcon_core.event_handler.log_command:Invoked command in '/home/davide/motor-control/build/rogue' returned '0': CMAKE_PREFIX_PATH=${CMAKE_PREFIX_PATH}:/home/davide/motor-control/install/motor_control:/opt/ros/humble /usr/bin/cmake --install /home/davide/motor-control/build/rogue
[3.056s] Level 1:colcon.colcon_core.environment:checking '/home/davide/motor-control/install/rogue' for CMake module files
[3.056s] Level 1:colcon.colcon_core.environment:checking '/home/davide/motor-control/install/rogue' for CMake config files
[3.057s] Level 1:colcon.colcon_core.shell:create_environment_hook('rogue', 'cmake_prefix_path')
[3.078s] INFO:colcon.colcon_core.shell:Creating environment hook '/home/davide/motor-control/install/rogue/share/rogue/hook/cmake_prefix_path.ps1'
[3.080s] INFO:colcon.colcon_core.shell:Creating environment descriptor '/home/davide/motor-control/install/rogue/share/rogue/hook/cmake_prefix_path.dsv'
[3.081s] INFO:colcon.colcon_core.shell:Creating environment hook '/home/davide/motor-control/install/rogue/share/rogue/hook/cmake_prefix_path.sh'
[3.082s] Level 1:colcon.colcon_core.environment:checking '/home/davide/motor-control/install/rogue/bin'
[3.082s] Level 1:colcon.colcon_core.environment:checking '/home/davide/motor-control/install/rogue/lib/pkgconfig/rogue.pc'
[3.082s] Level 1:colcon.colcon_core.environment:checking '/home/davide/motor-control/install/rogue/lib/python3.10/site-packages'
[3.088s] Level 1:colcon.colcon_core.environment:checking '/home/davide/motor-control/install/rogue/bin'
[3.111s] INFO:colcon.colcon_core.shell:Creating package script '/home/davide/motor-control/install/rogue/share/rogue/package.ps1'
[3.112s] INFO:colcon.colcon_core.shell:Creating package descriptor '/home/davide/motor-control/install/rogue/share/rogue/package.dsv'
[3.113s] INFO:colcon.colcon_core.shell:Creating package script '/home/davide/motor-control/install/rogue/share/rogue/package.sh'
[3.115s] INFO:colcon.colcon_core.shell:Creating package script '/home/davide/motor-control/install/rogue/share/rogue/package.bash'
[3.116s] INFO:colcon.colcon_core.shell:Creating package script '/home/davide/motor-control/install/rogue/share/rogue/package.zsh'
[3.117s] Level 1:colcon.colcon_core.environment:create_file_with_runtime_dependencies(/home/davide/motor-control/install/rogue/share/colcon-core/packages/rogue)
[3.167s] Level 1:colcon.colcon_core.environment:create_environment_scripts_only(rogue)
[3.193s] Level 1:colcon.colcon_core.environment:checking '/home/davide/motor-control/install/rogue' for CMake module files
[3.194s] Level 1:colcon.colcon_core.environment:checking '/home/davide/motor-control/install/rogue' for CMake config files
[3.195s] Level 1:colcon.colcon_core.shell:create_environment_hook('rogue', 'cmake_prefix_path')
[3.216s] INFO:colcon.colcon_core.shell:Creating environment hook '/home/davide/motor-control/install/rogue/share/rogue/hook/cmake_prefix_path.ps1'
[3.217s] INFO:colcon.colcon_core.shell:Creating environment descriptor '/home/davide/motor-control/install/rogue/share/rogue/hook/cmake_prefix_path.dsv'
[3.217s] INFO:colcon.colcon_core.shell:Creating environment hook '/home/davide/motor-control/install/rogue/share/rogue/hook/cmake_prefix_path.sh'
[3.218s] Level 1:colcon.colcon_core.environment:checking '/home/davide/motor-control/install/rogue/bin'
[3.218s] Level 1:colcon.colcon_core.environment:checking '/home/davide/motor-control/install/rogue/lib/pkgconfig/rogue.pc'
[3.218s] Level 1:colcon.colcon_core.environment:checking '/home/davide/motor-control/install/rogue/lib/python3.10/site-packages'
[3.219s] Level 1:colcon.colcon_core.environment:checking '/home/davide/motor-control/install/rogue/bin'
[3.241s] INFO:colcon.colcon_core.shell:Creating package script '/home/davide/motor-control/install/rogue/share/rogue/package.ps1'
[3.241s] INFO:colcon.colcon_core.shell:Creating package descriptor '/home/davide/motor-control/install/rogue/share/rogue/package.dsv'
[3.242s] INFO:colcon.colcon_core.shell:Creating package script '/home/davide/motor-control/install/rogue/share/rogue/package.sh'
[3.243s] INFO:colcon.colcon_core.shell:Creating package script '/home/davide/motor-control/install/rogue/share/rogue/package.bash'
[3.243s] INFO:colcon.colcon_core.shell:Creating package script '/home/davide/motor-control/install/rogue/share/rogue/package.zsh'
[3.244s] Level 1:colcon.colcon_core.environment:create_file_with_runtime_dependencies(/home/davide/motor-control/install/rogue/share/colcon-core/packages/rogue)
[3.244s] DEBUG:colcon.colcon_parallel_executor.executor.parallel:closing loop
[3.244s] DEBUG:colcon.colcon_parallel_executor.executor.parallel:loop closed
[3.245s] DEBUG:colcon.colcon_parallel_executor.executor.parallel:run_until_complete finished with '0'
[3.245s] DEBUG:colcon.colcon_core.event_reactor:joining thread
[3.282s] INFO:colcon.colcon_core.plugin_system:Skipping extension 'colcon_notification.desktop_notification.terminal_notifier': Not used on non-Darwin systems
[3.282s] INFO:colcon.colcon_core.plugin_system:Skipping extension 'colcon_notification.desktop_notification.win32': Not used on non-Windows systems
[3.282s] INFO:colcon.colcon_notification.desktop_notification:Sending desktop notification using 'notify2'
[3.296s] DEBUG:colcon.colcon_core.event_reactor:joined thread
[3.321s] INFO:colcon.colcon_core.shell:Creating prefix script '/home/davide/motor-control/install/local_setup.ps1'
[3.326s] INFO:colcon.colcon_core.shell:Creating prefix util module '/home/davide/motor-control/install/_local_setup_util_ps1.py'
[3.329s] INFO:colcon.colcon_core.shell:Creating prefix chain script '/home/davide/motor-control/install/setup.ps1'
[3.354s] INFO:colcon.colcon_core.shell:Creating prefix script '/home/davide/motor-control/install/local_setup.sh'
[3.355s] INFO:colcon.colcon_core.shell:Creating prefix util module '/home/davide/motor-control/install/_local_setup_util_sh.py'
[3.355s] INFO:colcon.colcon_core.shell:Creating prefix chain script '/home/davide/motor-control/install/setup.sh'
[3.379s] INFO:colcon.colcon_core.shell:Creating prefix script '/home/davide/motor-control/install/local_setup.bash'
[3.380s] INFO:colcon.colcon_core.shell:Creating prefix chain script '/home/davide/motor-control/install/setup.bash'
[3.404s] INFO:colcon.colcon_core.shell:Creating prefix script '/home/davide/motor-control/install/local_setup.zsh'
[3.405s] INFO:colcon.colcon_core.shell:Creating prefix chain script '/home/davide/motor-control/install/setup.zsh'
