Performing C SOURCE FILE Test CMAKE_HAVE_LIBC_PTHREAD failed with the following output:
Change Dir: /home/max/catkin_ws/src/sirius/sirius_driver/cmake-build-debug/CMakeFiles/CMakeTmp

Run Build Command(s):/snap/clion/204/bin/ninja/linux/ninja cmTC_289d6 && [1/2] Building C object CMakeFiles/cmTC_289d6.dir/src.c.o
[2/2] Linking C executable cmTC_289d6
FAILED: cmTC_289d6 
: && /usr/bin/cc  -rdynamic CMakeFiles/cmTC_289d6.dir/src.c.o -o cmTC_289d6   && :
/usr/bin/ld: CMakeFiles/cmTC_289d6.dir/src.c.o: in function `main':
src.c:(.text+0x46): undefined reference to `pthread_create'
/usr/bin/ld: src.c:(.text+0x52): undefined reference to `pthread_detach'
/usr/bin/ld: src.c:(.text+0x5e): undefined reference to `pthread_cancel'
/usr/bin/ld: src.c:(.text+0x6f): undefined reference to `pthread_join'
collect2: error: ld returned 1 exit status
ninja: build stopped: subcommand failed.


Source file was:
#include <pthread.h>

static void* test_func(void* data)
{
  return data;
}

int main(void)
{
  pthread_t thread;
  pthread_create(&thread, NULL, test_func, NULL);
  pthread_detach(thread);
  pthread_cancel(thread);
  pthread_join(thread, NULL);
  pthread_atfork(NULL, NULL, NULL);
  pthread_exit(NULL);

  return 0;
}

Determining if the function pthread_create exists in the pthreads failed with the following output:
Change Dir: /home/max/catkin_ws/src/sirius/sirius_driver/cmake-build-debug/CMakeFiles/CMakeTmp

Run Build Command(s):/snap/clion/204/bin/ninja/linux/ninja cmTC_edd8d && [1/2] Building C object CMakeFiles/cmTC_edd8d.dir/CheckFunctionExists.c.o
[2/2] Linking C executable cmTC_edd8d
FAILED: cmTC_edd8d 
: && /usr/bin/cc -DCHECK_FUNCTION_EXISTS=pthread_create -rdynamic CMakeFiles/cmTC_edd8d.dir/CheckFunctionExists.c.o -o cmTC_edd8d  -lpthreads && :
/usr/bin/ld: cannot find -lpthreads
collect2: error: ld returned 1 exit status
ninja: build stopped: subcommand failed.



