[2.100s] DEBUG:colcon:Command line arguments: ['/usr/bin/colcon', 'build', '--symlink-install']
[2.100s] DEBUG:colcon:Parsed command line arguments: Namespace(log_base=None, log_level=None, verb_name='build', build_base='build', install_base='install', merge_install=False, symlink_install=True, test_result_base=None, continue_on_error=False, executor='parallel', parallel_workers=4, event_handlers=None, ignore_user_meta=False, metas=['./colcon.meta'], base_paths=['.'], packages_ignore=None, packages_ignore_regex=None, paths=None, packages_up_to=None, packages_up_to_regex=None, packages_above=None, packages_above_and_dependencies=None, packages_above_depth=None, packages_select_by_dep=None, packages_skip_by_dep=None, packages_skip_up_to=None, packages_select_build_failed=False, packages_skip_build_finished=False, packages_select_test_failures=False, packages_skip_test_passed=False, packages_select=None, packages_skip=None, packages_select_regex=None, packages_skip_regex=None, packages_start=None, packages_end=None, allow_overriding=[], cmake_args=None, cmake_target=None, cmake_target_skip_unavailable=False, cmake_clean_cache=False, cmake_clean_first=False, cmake_force_configure=False, ament_cmake_args=None, catkin_cmake_args=None, catkin_skip_building_tests=False, verb_parser=<colcon_defaults.argument_parser.defaults.DefaultArgumentsDecorator object at 0x7f8ead8a4a90>, verb_extension=<colcon_core.verb.build.BuildVerb object at 0x7f8eadcc7c70>, main=<bound method BuildVerb.main of <colcon_core.verb.build.BuildVerb object at 0x7f8eadcc7c70>>)
[2.235s] Level 1:colcon.colcon_core.package_discovery:discover_packages(colcon_meta) check parameters
[2.236s] Level 1:colcon.colcon_core.package_discovery:discover_packages(recursive) check parameters
[2.236s] Level 1:colcon.colcon_core.package_discovery:discover_packages(ignore) check parameters
[2.236s] Level 1:colcon.colcon_core.package_discovery:discover_packages(path) check parameters
[2.236s] Level 1:colcon.colcon_core.package_discovery:discover_packages(colcon_meta) discover
[2.236s] Level 1:colcon.colcon_core.package_discovery:discover_packages(recursive) discover
[2.236s] INFO:colcon.colcon_core.package_discovery:Crawling recursively for packages in '/home/davide/motor-control1'
[2.236s] Level 1:colcon.colcon_core.package_identification:_identify(.) by extensions ['ignore', 'ignore_ament_install']
[2.236s] Level 1:colcon.colcon_core.package_identification:_identify(.) by extension 'ignore'
[2.236s] Level 1:colcon.colcon_core.package_identification:_identify(.) by extension 'ignore_ament_install'
[2.237s] Level 1:colcon.colcon_core.package_identification:_identify(.) by extensions ['colcon_pkg']
[2.237s] Level 1:colcon.colcon_core.package_identification:_identify(.) by extension 'colcon_pkg'
[2.237s] Level 1:colcon.colcon_core.package_identification:_identify(.) by extensions ['colcon_meta']
[2.237s] Level 1:colcon.colcon_core.package_identification:_identify(.) by extension 'colcon_meta'
[2.237s] Level 1:colcon.colcon_core.package_identification:_identify(.) by extensions ['ros']
[2.237s] Level 1:colcon.colcon_core.package_identification:_identify(.) by extension 'ros'
[2.264s] Level 1:colcon.colcon_core.package_identification:_identify(.) by extensions ['cmake', 'python']
[2.264s] Level 1:colcon.colcon_core.package_identification:_identify(.) by extension 'cmake'
[2.264s] Level 1:colcon.colcon_core.package_identification:_identify(.) by extension 'python'
[2.264s] Level 1:colcon.colcon_core.package_identification:_identify(.) by extensions ['python_setup_py']
[2.265s] Level 1:colcon.colcon_core.package_identification:_identify(.) by extension 'python_setup_py'
[2.265s] Level 1:colcon.colcon_core.package_identification:_identify(build) by extensions ['ignore', 'ignore_ament_install']
[2.265s] Level 1:colcon.colcon_core.package_identification:_identify(build) by extension 'ignore'
[2.265s] Level 1:colcon.colcon_core.package_identification:_identify(build) ignored
[2.265s] Level 1:colcon.colcon_core.package_identification:_identify(install) by extensions ['ignore', 'ignore_ament_install']
[2.265s] Level 1:colcon.colcon_core.package_identification:_identify(install) by extension 'ignore'
[2.266s] Level 1:colcon.colcon_core.package_identification:_identify(install) ignored
[2.266s] Level 1:colcon.colcon_core.package_identification:_identify(log) by extensions ['ignore', 'ignore_ament_install']
[2.266s] Level 1:colcon.colcon_core.package_identification:_identify(log) by extension 'ignore'
[2.266s] Level 1:colcon.colcon_core.package_identification:_identify(log) ignored
[2.266s] Level 1:colcon.colcon_core.package_identification:_identify(src) by extensions ['ignore', 'ignore_ament_install']
[2.266s] Level 1:colcon.colcon_core.package_identification:_identify(src) by extension 'ignore'
[2.266s] Level 1:colcon.colcon_core.package_identification:_identify(src) by extension 'ignore_ament_install'
[2.266s] Level 1:colcon.colcon_core.package_identification:_identify(src) by extensions ['colcon_pkg']
[2.266s] Level 1:colcon.colcon_core.package_identification:_identify(src) by extension 'colcon_pkg'
[2.267s] Level 1:colcon.colcon_core.package_identification:_identify(src) by extensions ['colcon_meta']
[2.267s] Level 1:colcon.colcon_core.package_identification:_identify(src) by extension 'colcon_meta'
[2.267s] Level 1:colcon.colcon_core.package_identification:_identify(src) by extensions ['ros']
[2.267s] Level 1:colcon.colcon_core.package_identification:_identify(src) by extension 'ros'
[2.267s] Level 1:colcon.colcon_core.package_identification:_identify(src) by extensions ['cmake', 'python']
[2.267s] Level 1:colcon.colcon_core.package_identification:_identify(src) by extension 'cmake'
[2.267s] Level 1:colcon.colcon_core.package_identification:_identify(src) by extension 'python'
[2.268s] Level 1:colcon.colcon_core.package_identification:_identify(src) by extensions ['python_setup_py']
[2.268s] Level 1:colcon.colcon_core.package_identification:_identify(src) by extension 'python_setup_py'
[2.268s] Level 1:colcon.colcon_core.package_identification:_identify(src/rogue) by extensions ['ignore', 'ignore_ament_install']
[2.268s] Level 1:colcon.colcon_core.package_identification:_identify(src/rogue) by extension 'ignore'
[2.268s] Level 1:colcon.colcon_core.package_identification:_identify(src/rogue) by extension 'ignore_ament_install'
[2.268s] Level 1:colcon.colcon_core.package_identification:_identify(src/rogue) by extensions ['colcon_pkg']
[2.268s] Level 1:colcon.colcon_core.package_identification:_identify(src/rogue) by extension 'colcon_pkg'
[2.268s] Level 1:colcon.colcon_core.package_identification:_identify(src/rogue) by extensions ['colcon_meta']
[2.268s] Level 1:colcon.colcon_core.package_identification:_identify(src/rogue) by extension 'colcon_meta'
[2.268s] Level 1:colcon.colcon_core.package_identification:_identify(src/rogue) by extensions ['ros']
[2.268s] Level 1:colcon.colcon_core.package_identification:_identify(src/rogue) by extension 'ros'
[2.274s] DEBUG:colcon.colcon_core.package_identification:Package 'src/rogue' with type 'ros.ament_cmake' and name 'rogue'
[2.274s] Level 1:colcon.colcon_core.package_discovery:discover_packages(recursive) using defaults
[2.275s] Level 1:colcon.colcon_core.package_discovery:discover_packages(ignore) discover
[2.275s] Level 1:colcon.colcon_core.package_discovery:discover_packages(ignore) using defaults
[2.275s] Level 1:colcon.colcon_core.package_discovery:discover_packages(path) discover
[2.275s] Level 1:colcon.colcon_core.package_discovery:discover_packages(path) using defaults
[2.485s] Level 1:colcon.colcon_core.package_discovery:discover_packages(prefix_path) check parameters
[2.485s] Level 1:colcon.colcon_core.package_discovery:discover_packages(prefix_path) discover
[2.555s] DEBUG:colcon.colcon_installed_package_information.package_discovery:Found 1 installed packages in /home/davide/motor-control1/install
[2.588s] DEBUG:colcon.colcon_installed_package_information.package_discovery:Found 335 installed packages in /opt/ros/humble
[2.593s] Level 1:colcon.colcon_core.package_discovery:discover_packages(prefix_path) using defaults
[2.974s] Level 5:colcon.colcon_core.verb:set package 'rogue' build argument 'cmake_args' from command line to 'None'
[2.974s] Level 5:colcon.colcon_core.verb:set package 'rogue' build argument 'cmake_target' from command line to 'None'
[2.974s] Level 5:colcon.colcon_core.verb:set package 'rogue' build argument 'cmake_target_skip_unavailable' from command line to 'False'
[2.974s] Level 5:colcon.colcon_core.verb:set package 'rogue' build argument 'cmake_clean_cache' from command line to 'False'
[2.974s] Level 5:colcon.colcon_core.verb:set package 'rogue' build argument 'cmake_clean_first' from command line to 'False'
[2.974s] Level 5:colcon.colcon_core.verb:set package 'rogue' build argument 'cmake_force_configure' from command line to 'False'
[2.974s] Level 5:colcon.colcon_core.verb:set package 'rogue' build argument 'ament_cmake_args' from command line to 'None'
[2.975s] Level 5:colcon.colcon_core.verb:set package 'rogue' build argument 'catkin_cmake_args' from command line to 'None'
[2.975s] Level 5:colcon.colcon_core.verb:set package 'rogue' build argument 'catkin_skip_building_tests' from command line to 'False'
[2.975s] DEBUG:colcon.colcon_core.verb:Building package 'rogue' with the following arguments: {'ament_cmake_args': None, 'build_base': '/home/davide/motor-control1/build/rogue', 'catkin_cmake_args': None, 'catkin_skip_building_tests': False, 'cmake_args': None, 'cmake_clean_cache': False, 'cmake_clean_first': False, 'cmake_force_configure': False, 'cmake_target': None, 'cmake_target_skip_unavailable': False, 'install_base': '/home/davide/motor-control1/install/rogue', 'merge_install': False, 'path': '/home/davide/motor-control1/src/rogue', 'symlink_install': True, 'test_result_base': None}
[3.005s] INFO:colcon.colcon_core.executor:Executing jobs using 'parallel' executor
[3.036s] DEBUG:colcon.colcon_parallel_executor.executor.parallel:run_until_complete
[3.037s] INFO:colcon.colcon_ros.task.ament_cmake.build:Building ROS package in '/home/davide/motor-control1/src/rogue' with build type 'ament_cmake'
[3.037s] INFO:colcon.colcon_cmake.task.cmake.build:Building CMake package in '/home/davide/motor-control1/src/rogue'
[3.091s] INFO:colcon.colcon_core.plugin_system:Skipping extension 'colcon_core.shell.bat': Not used on non-Windows systems
[3.091s] INFO:colcon.colcon_core.shell:Skip shell extension 'powershell' for command environment: Not usable outside of PowerShell
[3.092s] DEBUG:colcon.colcon_core.shell:Skip shell extension 'dsv' for command environment
[3.207s] DEBUG:colcon.colcon_core.event_handler.log_command:Invoking command in '/home/davide/motor-control1/build/rogue': CMAKE_PREFIX_PATH=${CMAKE_PREFIX_PATH}:/opt/ros/humble /usr/bin/cmake --build /home/davide/motor-control1/build/rogue -- -j4 -l4
[7.618s] DEBUG:colcon.colcon_core.event_handler.log_command:Invoked command in '/home/davide/motor-control1/build/rogue' returned '0': CMAKE_PREFIX_PATH=${CMAKE_PREFIX_PATH}:/opt/ros/humble /usr/bin/cmake --build /home/davide/motor-control1/build/rogue -- -j4 -l4
[7.667s] DEBUG:colcon.colcon_core.event_handler.log_command:Invoking command in '/home/davide/motor-control1/build/rogue': CMAKE_PREFIX_PATH=${CMAKE_PREFIX_PATH}:/opt/ros/humble /usr/bin/cmake --install /home/davide/motor-control1/build/rogue
[7.743s] Level 1:colcon.colcon_core.environment:create_environment_scripts_only(rogue)
[7.745s] DEBUG:colcon.colcon_core.event_handler.log_command:Invoked command in '/home/davide/motor-control1/build/rogue' returned '0': CMAKE_PREFIX_PATH=${CMAKE_PREFIX_PATH}:/opt/ros/humble /usr/bin/cmake --install /home/davide/motor-control1/build/rogue
[7.791s] Level 1:colcon.colcon_core.environment:checking '/home/davide/motor-control1/install/rogue' for CMake module files
[7.792s] Level 1:colcon.colcon_core.environment:checking '/home/davide/motor-control1/install/rogue' for CMake config files
[7.794s] Level 1:colcon.colcon_core.shell:create_environment_hook('rogue', 'cmake_prefix_path')
[7.825s] INFO:colcon.colcon_core.shell:Creating environment hook '/home/davide/motor-control1/install/rogue/share/rogue/hook/cmake_prefix_path.ps1'
[7.827s] INFO:colcon.colcon_core.shell:Creating environment descriptor '/home/davide/motor-control1/install/rogue/share/rogue/hook/cmake_prefix_path.dsv'
[7.828s] INFO:colcon.colcon_core.shell:Creating environment hook '/home/davide/motor-control1/install/rogue/share/rogue/hook/cmake_prefix_path.sh'
[7.830s] Level 1:colcon.colcon_core.environment:checking '/home/davide/motor-control1/install/rogue/bin'
[7.830s] Level 1:colcon.colcon_core.environment:checking '/home/davide/motor-control1/install/rogue/lib/pkgconfig/rogue.pc'
[7.831s] Level 1:colcon.colcon_core.environment:checking '/home/davide/motor-control1/install/rogue/lib/python3.10/site-packages'
[7.831s] Level 1:colcon.colcon_core.environment:checking '/home/davide/motor-control1/install/rogue/bin'
[7.863s] INFO:colcon.colcon_core.shell:Creating package script '/home/davide/motor-control1/install/rogue/share/rogue/package.ps1'
[7.865s] INFO:colcon.colcon_core.shell:Creating package descriptor '/home/davide/motor-control1/install/rogue/share/rogue/package.dsv'
[7.866s] INFO:colcon.colcon_core.shell:Creating package script '/home/davide/motor-control1/install/rogue/share/rogue/package.sh'
[7.868s] INFO:colcon.colcon_core.shell:Creating package script '/home/davide/motor-control1/install/rogue/share/rogue/package.bash'
[7.870s] INFO:colcon.colcon_core.shell:Creating package script '/home/davide/motor-control1/install/rogue/share/rogue/package.zsh'
[7.871s] Level 1:colcon.colcon_core.environment:create_file_with_runtime_dependencies(/home/davide/motor-control1/install/rogue/share/colcon-core/packages/rogue)
[7.937s] Level 1:colcon.colcon_core.environment:create_environment_scripts_only(rogue)
[7.967s] Level 1:colcon.colcon_core.environment:checking '/home/davide/motor-control1/install/rogue' for CMake module files
[7.968s] Level 1:colcon.colcon_core.environment:checking '/home/davide/motor-control1/install/rogue' for CMake config files
[7.969s] Level 1:colcon.colcon_core.shell:create_environment_hook('rogue', 'cmake_prefix_path')
[7.998s] INFO:colcon.colcon_core.shell:Creating environment hook '/home/davide/motor-control1/install/rogue/share/rogue/hook/cmake_prefix_path.ps1'
[7.999s] INFO:colcon.colcon_core.shell:Creating environment descriptor '/home/davide/motor-control1/install/rogue/share/rogue/hook/cmake_prefix_path.dsv'
[8.000s] INFO:colcon.colcon_core.shell:Creating environment hook '/home/davide/motor-control1/install/rogue/share/rogue/hook/cmake_prefix_path.sh'
[8.000s] Level 1:colcon.colcon_core.environment:checking '/home/davide/motor-control1/install/rogue/bin'
[8.001s] Level 1:colcon.colcon_core.environment:checking '/home/davide/motor-control1/install/rogue/lib/pkgconfig/rogue.pc'
[8.001s] Level 1:colcon.colcon_core.environment:checking '/home/davide/motor-control1/install/rogue/lib/python3.10/site-packages'
[8.002s] Level 1:colcon.colcon_core.environment:checking '/home/davide/motor-control1/install/rogue/bin'
[8.032s] INFO:colcon.colcon_core.shell:Creating package script '/home/davide/motor-control1/install/rogue/share/rogue/package.ps1'
[8.032s] INFO:colcon.colcon_core.shell:Creating package descriptor '/home/davide/motor-control1/install/rogue/share/rogue/package.dsv'
[8.033s] INFO:colcon.colcon_core.shell:Creating package script '/home/davide/motor-control1/install/rogue/share/rogue/package.sh'
[8.034s] INFO:colcon.colcon_core.shell:Creating package script '/home/davide/motor-control1/install/rogue/share/rogue/package.bash'
[8.034s] INFO:colcon.colcon_core.shell:Creating package script '/home/davide/motor-control1/install/rogue/share/rogue/package.zsh'
[8.035s] Level 1:colcon.colcon_core.environment:create_file_with_runtime_dependencies(/home/davide/motor-control1/install/rogue/share/colcon-core/packages/rogue)
[8.036s] DEBUG:colcon.colcon_parallel_executor.executor.parallel:closing loop
[8.036s] DEBUG:colcon.colcon_parallel_executor.executor.parallel:loop closed
[8.036s] DEBUG:colcon.colcon_parallel_executor.executor.parallel:run_until_complete finished with '0'
[8.036s] DEBUG:colcon.colcon_core.event_reactor:joining thread
[8.112s] INFO:colcon.colcon_core.plugin_system:Skipping extension 'colcon_notification.desktop_notification.terminal_notifier': Not used on non-Darwin systems
[8.113s] INFO:colcon.colcon_core.plugin_system:Skipping extension 'colcon_notification.desktop_notification.win32': Not used on non-Windows systems
[8.113s] INFO:colcon.colcon_notification.desktop_notification:Sending desktop notification using 'notify2'
[8.247s] DEBUG:colcon.colcon_core.event_reactor:joined thread
[8.319s] INFO:colcon.colcon_core.shell:Creating prefix script '/home/davide/motor-control1/install/local_setup.ps1'
[8.322s] INFO:colcon.colcon_core.shell:Creating prefix util module '/home/davide/motor-control1/install/_local_setup_util_ps1.py'
[8.325s] INFO:colcon.colcon_core.shell:Creating prefix chain script '/home/davide/motor-control1/install/setup.ps1'
[8.361s] INFO:colcon.colcon_core.shell:Creating prefix script '/home/davide/motor-control1/install/local_setup.sh'
[8.362s] INFO:colcon.colcon_core.shell:Creating prefix util module '/home/davide/motor-control1/install/_local_setup_util_sh.py'
[8.363s] INFO:colcon.colcon_core.shell:Creating prefix chain script '/home/davide/motor-control1/install/setup.sh'
[8.401s] INFO:colcon.colcon_core.shell:Creating prefix script '/home/davide/motor-control1/install/local_setup.bash'
[8.402s] INFO:colcon.colcon_core.shell:Creating prefix chain script '/home/davide/motor-control1/install/setup.bash'
[8.437s] INFO:colcon.colcon_core.shell:Creating prefix script '/home/davide/motor-control1/install/local_setup.zsh'
[8.438s] INFO:colcon.colcon_core.shell:Creating prefix chain script '/home/davide/motor-control1/install/setup.zsh'
