[5.093s] DEBUG:colcon:Command line arguments: ['/usr/bin/colcon', 'build', '--symlink-install']
[5.094s] DEBUG:colcon:Parsed command line arguments: Namespace(log_base=None, log_level=None, verb_name='build', build_base='build', install_base='install', merge_install=False, symlink_install=True, test_result_base=None, continue_on_error=False, executor='parallel', parallel_workers=4, event_handlers=None, ignore_user_meta=False, metas=['./colcon.meta'], base_paths=['.'], packages_ignore=None, packages_ignore_regex=None, paths=None, packages_up_to=None, packages_up_to_regex=None, packages_above=None, packages_above_and_dependencies=None, packages_above_depth=None, packages_select_by_dep=None, packages_skip_by_dep=None, packages_skip_up_to=None, packages_select_build_failed=False, packages_skip_build_finished=False, packages_select_test_failures=False, packages_skip_test_passed=False, packages_select=None, packages_skip=None, packages_select_regex=None, packages_skip_regex=None, packages_start=None, packages_end=None, allow_overriding=[], cmake_args=None, cmake_target=None, cmake_target_skip_unavailable=False, cmake_clean_cache=False, cmake_clean_first=False, cmake_force_configure=False, ament_cmake_args=None, catkin_cmake_args=None, catkin_skip_building_tests=False, verb_parser=<colcon_defaults.argument_parser.defaults.DefaultArgumentsDecorator object at 0x7f105b4a4d30>, verb_extension=<colcon_core.verb.build.BuildVerb object at 0x7f105b8c7c70>, main=<bound method BuildVerb.main of <colcon_core.verb.build.BuildVerb object at 0x7f105b8c7c70>>)
[5.315s] Level 1:colcon.colcon_core.package_discovery:discover_packages(colcon_meta) check parameters
[5.316s] Level 1:colcon.colcon_core.package_discovery:discover_packages(recursive) check parameters
[5.316s] Level 1:colcon.colcon_core.package_discovery:discover_packages(ignore) check parameters
[5.317s] Level 1:colcon.colcon_core.package_discovery:discover_packages(path) check parameters
[5.318s] Level 1:colcon.colcon_core.package_discovery:discover_packages(colcon_meta) discover
[5.318s] Level 1:colcon.colcon_core.package_discovery:discover_packages(recursive) discover
[5.319s] INFO:colcon.colcon_core.package_discovery:Crawling recursively for packages in '/home/davide/motor-control1'
[5.320s] Level 1:colcon.colcon_core.package_identification:_identify(.) by extensions ['ignore', 'ignore_ament_install']
[5.321s] Level 1:colcon.colcon_core.package_identification:_identify(.) by extension 'ignore'
[5.322s] Level 1:colcon.colcon_core.package_identification:_identify(.) by extension 'ignore_ament_install'
[5.323s] Level 1:colcon.colcon_core.package_identification:_identify(.) by extensions ['colcon_pkg']
[5.323s] Level 1:colcon.colcon_core.package_identification:_identify(.) by extension 'colcon_pkg'
[5.324s] Level 1:colcon.colcon_core.package_identification:_identify(.) by extensions ['colcon_meta']
[5.324s] Level 1:colcon.colcon_core.package_identification:_identify(.) by extension 'colcon_meta'
[5.325s] Level 1:colcon.colcon_core.package_identification:_identify(.) by extensions ['ros']
[5.326s] Level 1:colcon.colcon_core.package_identification:_identify(.) by extension 'ros'
[5.377s] Level 1:colcon.colcon_core.package_identification:_identify(.) by extensions ['cmake', 'python']
[5.378s] Level 1:colcon.colcon_core.package_identification:_identify(.) by extension 'cmake'
[5.379s] Level 1:colcon.colcon_core.package_identification:_identify(.) by extension 'python'
[5.380s] Level 1:colcon.colcon_core.package_identification:_identify(.) by extensions ['python_setup_py']
[5.380s] Level 1:colcon.colcon_core.package_identification:_identify(.) by extension 'python_setup_py'
[5.381s] Level 1:colcon.colcon_core.package_identification:_identify(build) by extensions ['ignore', 'ignore_ament_install']
[5.381s] Level 1:colcon.colcon_core.package_identification:_identify(build) by extension 'ignore'
[5.382s] Level 1:colcon.colcon_core.package_identification:_identify(build) ignored
[5.382s] Level 1:colcon.colcon_core.package_identification:_identify(install) by extensions ['ignore', 'ignore_ament_install']
[5.383s] Level 1:colcon.colcon_core.package_identification:_identify(install) by extension 'ignore'
[5.383s] Level 1:colcon.colcon_core.package_identification:_identify(install) ignored
[5.383s] Level 1:colcon.colcon_core.package_identification:_identify(log) by extensions ['ignore', 'ignore_ament_install']
[5.384s] Level 1:colcon.colcon_core.package_identification:_identify(log) by extension 'ignore'
[5.384s] Level 1:colcon.colcon_core.package_identification:_identify(log) ignored
[5.384s] Level 1:colcon.colcon_core.package_identification:_identify(src) by extensions ['ignore', 'ignore_ament_install']
[5.385s] Level 1:colcon.colcon_core.package_identification:_identify(src) by extension 'ignore'
[5.385s] Level 1:colcon.colcon_core.package_identification:_identify(src) by extension 'ignore_ament_install'
[5.385s] Level 1:colcon.colcon_core.package_identification:_identify(src) by extensions ['colcon_pkg']
[5.386s] Level 1:colcon.colcon_core.package_identification:_identify(src) by extension 'colcon_pkg'
[5.386s] Level 1:colcon.colcon_core.package_identification:_identify(src) by extensions ['colcon_meta']
[5.386s] Level 1:colcon.colcon_core.package_identification:_identify(src) by extension 'colcon_meta'
[5.387s] Level 1:colcon.colcon_core.package_identification:_identify(src) by extensions ['ros']
[5.387s] Level 1:colcon.colcon_core.package_identification:_identify(src) by extension 'ros'
[5.387s] Level 1:colcon.colcon_core.package_identification:_identify(src) by extensions ['cmake', 'python']
[5.387s] Level 1:colcon.colcon_core.package_identification:_identify(src) by extension 'cmake'
[5.387s] Level 1:colcon.colcon_core.package_identification:_identify(src) by extension 'python'
[5.388s] Level 1:colcon.colcon_core.package_identification:_identify(src) by extensions ['python_setup_py']
[5.388s] Level 1:colcon.colcon_core.package_identification:_identify(src) by extension 'python_setup_py'
[5.388s] Level 1:colcon.colcon_core.package_identification:_identify(src/rogue) by extensions ['ignore', 'ignore_ament_install']
[5.389s] Level 1:colcon.colcon_core.package_identification:_identify(src/rogue) by extension 'ignore'
[5.389s] Level 1:colcon.colcon_core.package_identification:_identify(src/rogue) by extension 'ignore_ament_install'
[5.389s] Level 1:colcon.colcon_core.package_identification:_identify(src/rogue) by extensions ['colcon_pkg']
[5.390s] Level 1:colcon.colcon_core.package_identification:_identify(src/rogue) by extension 'colcon_pkg'
[5.390s] Level 1:colcon.colcon_core.package_identification:_identify(src/rogue) by extensions ['colcon_meta']
[5.390s] Level 1:colcon.colcon_core.package_identification:_identify(src/rogue) by extension 'colcon_meta'
[5.390s] Level 1:colcon.colcon_core.package_identification:_identify(src/rogue) by extensions ['ros']
[5.391s] Level 1:colcon.colcon_core.package_identification:_identify(src/rogue) by extension 'ros'
[5.407s] DEBUG:colcon.colcon_core.package_identification:Package 'src/rogue' with type 'ros.ament_cmake' and name 'rogue'
[5.407s] Level 1:colcon.colcon_core.package_discovery:discover_packages(recursive) using defaults
[5.407s] Level 1:colcon.colcon_core.package_discovery:discover_packages(ignore) discover
[5.408s] Level 1:colcon.colcon_core.package_discovery:discover_packages(ignore) using defaults
[5.408s] Level 1:colcon.colcon_core.package_discovery:discover_packages(path) discover
[5.408s] Level 1:colcon.colcon_core.package_discovery:discover_packages(path) using defaults
[5.915s] Level 1:colcon.colcon_core.package_discovery:discover_packages(prefix_path) check parameters
[5.915s] Level 1:colcon.colcon_core.package_discovery:discover_packages(prefix_path) discover
[6.072s] DEBUG:colcon.colcon_installed_package_information.package_discovery:Found 1 installed packages in /home/davide/motor-control1/install
[6.163s] DEBUG:colcon.colcon_installed_package_information.package_discovery:Found 335 installed packages in /opt/ros/humble
[6.173s] Level 1:colcon.colcon_core.package_discovery:discover_packages(prefix_path) using defaults
[6.929s] Level 5:colcon.colcon_core.verb:set package 'rogue' build argument 'cmake_args' from command line to 'None'
[6.931s] Level 5:colcon.colcon_core.verb:set package 'rogue' build argument 'cmake_target' from command line to 'None'
[6.931s] Level 5:colcon.colcon_core.verb:set package 'rogue' build argument 'cmake_target_skip_unavailable' from command line to 'False'
[6.932s] Level 5:colcon.colcon_core.verb:set package 'rogue' build argument 'cmake_clean_cache' from command line to 'False'
[6.932s] Level 5:colcon.colcon_core.verb:set package 'rogue' build argument 'cmake_clean_first' from command line to 'False'
[6.933s] Level 5:colcon.colcon_core.verb:set package 'rogue' build argument 'cmake_force_configure' from command line to 'False'
[6.934s] Level 5:colcon.colcon_core.verb:set package 'rogue' build argument 'ament_cmake_args' from command line to 'None'
[6.934s] Level 5:colcon.colcon_core.verb:set package 'rogue' build argument 'catkin_cmake_args' from command line to 'None'
[6.934s] Level 5:colcon.colcon_core.verb:set package 'rogue' build argument 'catkin_skip_building_tests' from command line to 'False'
[6.934s] DEBUG:colcon.colcon_core.verb:Building package 'rogue' with the following arguments: {'ament_cmake_args': None, 'build_base': '/home/davide/motor-control1/build/rogue', 'catkin_cmake_args': None, 'catkin_skip_building_tests': False, 'cmake_args': None, 'cmake_clean_cache': False, 'cmake_clean_first': False, 'cmake_force_configure': False, 'cmake_target': None, 'cmake_target_skip_unavailable': False, 'install_base': '/home/davide/motor-control1/install/rogue', 'merge_install': False, 'path': '/home/davide/motor-control1/src/rogue', 'symlink_install': True, 'test_result_base': None}
[7.009s] INFO:colcon.colcon_core.executor:Executing jobs using 'parallel' executor
[7.088s] DEBUG:colcon.colcon_parallel_executor.executor.parallel:run_until_complete
[7.089s] INFO:colcon.colcon_ros.task.ament_cmake.build:Building ROS package in '/home/davide/motor-control1/src/rogue' with build type 'ament_cmake'
[7.089s] INFO:colcon.colcon_cmake.task.cmake.build:Building CMake package in '/home/davide/motor-control1/src/rogue'
[7.171s] INFO:colcon.colcon_core.plugin_system:Skipping extension 'colcon_core.shell.bat': Not used on non-Windows systems
[7.172s] INFO:colcon.colcon_core.shell:Skip shell extension 'powershell' for command environment: Not usable outside of PowerShell
[7.173s] DEBUG:colcon.colcon_core.shell:Skip shell extension 'dsv' for command environment
[7.454s] DEBUG:colcon.colcon_core.event_handler.log_command:Invoking command in '/home/davide/motor-control1/build/rogue': CMAKE_PREFIX_PATH=${CMAKE_PREFIX_PATH}:/opt/ros/humble /usr/bin/cmake --build /home/davide/motor-control1/build/rogue -- -j4 -l4
[16.210s] DEBUG:colcon.colcon_core.event_handler.log_command:Invoked command in '/home/davide/motor-control1/build/rogue' returned '0': CMAKE_PREFIX_PATH=${CMAKE_PREFIX_PATH}:/opt/ros/humble /usr/bin/cmake --build /home/davide/motor-control1/build/rogue -- -j4 -l4
[16.332s] DEBUG:colcon.colcon_core.event_handler.log_command:Invoking command in '/home/davide/motor-control1/build/rogue': CMAKE_PREFIX_PATH=${CMAKE_PREFIX_PATH}:/opt/ros/humble /usr/bin/cmake --install /home/davide/motor-control1/build/rogue
[16.426s] Level 1:colcon.colcon_core.environment:create_environment_scripts_only(rogue)
[16.428s] DEBUG:colcon.colcon_core.event_handler.log_command:Invoked command in '/home/davide/motor-control1/build/rogue' returned '0': CMAKE_PREFIX_PATH=${CMAKE_PREFIX_PATH}:/opt/ros/humble /usr/bin/cmake --install /home/davide/motor-control1/build/rogue
[16.523s] Level 1:colcon.colcon_core.environment:checking '/home/davide/motor-control1/install/rogue' for CMake module files
[16.526s] Level 1:colcon.colcon_core.environment:checking '/home/davide/motor-control1/install/rogue' for CMake config files
[16.534s] Level 1:colcon.colcon_core.shell:create_environment_hook('rogue', 'cmake_prefix_path')
[16.607s] INFO:colcon.colcon_core.shell:Creating environment hook '/home/davide/motor-control1/install/rogue/share/rogue/hook/cmake_prefix_path.ps1'
[16.609s] INFO:colcon.colcon_core.shell:Creating environment descriptor '/home/davide/motor-control1/install/rogue/share/rogue/hook/cmake_prefix_path.dsv'
[16.611s] INFO:colcon.colcon_core.shell:Creating environment hook '/home/davide/motor-control1/install/rogue/share/rogue/hook/cmake_prefix_path.sh'
[16.615s] Level 1:colcon.colcon_core.environment:checking '/home/davide/motor-control1/install/rogue/bin'
[16.615s] Level 1:colcon.colcon_core.environment:checking '/home/davide/motor-control1/install/rogue/lib/pkgconfig/rogue.pc'
[16.616s] Level 1:colcon.colcon_core.environment:checking '/home/davide/motor-control1/install/rogue/lib/python3.10/site-packages'
[16.617s] Level 1:colcon.colcon_core.environment:checking '/home/davide/motor-control1/install/rogue/bin'
[16.695s] INFO:colcon.colcon_core.shell:Creating package script '/home/davide/motor-control1/install/rogue/share/rogue/package.ps1'
[16.699s] INFO:colcon.colcon_core.shell:Creating package descriptor '/home/davide/motor-control1/install/rogue/share/rogue/package.dsv'
[16.701s] INFO:colcon.colcon_core.shell:Creating package script '/home/davide/motor-control1/install/rogue/share/rogue/package.sh'
[16.704s] INFO:colcon.colcon_core.shell:Creating package script '/home/davide/motor-control1/install/rogue/share/rogue/package.bash'
[16.708s] INFO:colcon.colcon_core.shell:Creating package script '/home/davide/motor-control1/install/rogue/share/rogue/package.zsh'
[16.711s] Level 1:colcon.colcon_core.environment:create_file_with_runtime_dependencies(/home/davide/motor-control1/install/rogue/share/colcon-core/packages/rogue)
[16.868s] Level 1:colcon.colcon_core.environment:create_environment_scripts_only(rogue)
[16.945s] Level 1:colcon.colcon_core.environment:checking '/home/davide/motor-control1/install/rogue' for CMake module files
[16.947s] Level 1:colcon.colcon_core.environment:checking '/home/davide/motor-control1/install/rogue' for CMake config files
[16.950s] Level 1:colcon.colcon_core.shell:create_environment_hook('rogue', 'cmake_prefix_path')
[17.024s] INFO:colcon.colcon_core.shell:Creating environment hook '/home/davide/motor-control1/install/rogue/share/rogue/hook/cmake_prefix_path.ps1'
[17.026s] INFO:colcon.colcon_core.shell:Creating environment descriptor '/home/davide/motor-control1/install/rogue/share/rogue/hook/cmake_prefix_path.dsv'
[17.027s] INFO:colcon.colcon_core.shell:Creating environment hook '/home/davide/motor-control1/install/rogue/share/rogue/hook/cmake_prefix_path.sh'
[17.029s] Level 1:colcon.colcon_core.environment:checking '/home/davide/motor-control1/install/rogue/bin'
[17.029s] Level 1:colcon.colcon_core.environment:checking '/home/davide/motor-control1/install/rogue/lib/pkgconfig/rogue.pc'
[17.030s] Level 1:colcon.colcon_core.environment:checking '/home/davide/motor-control1/install/rogue/lib/python3.10/site-packages'
[17.031s] Level 1:colcon.colcon_core.environment:checking '/home/davide/motor-control1/install/rogue/bin'
[17.107s] INFO:colcon.colcon_core.shell:Creating package script '/home/davide/motor-control1/install/rogue/share/rogue/package.ps1'
[17.109s] INFO:colcon.colcon_core.shell:Creating package descriptor '/home/davide/motor-control1/install/rogue/share/rogue/package.dsv'
[17.110s] INFO:colcon.colcon_core.shell:Creating package script '/home/davide/motor-control1/install/rogue/share/rogue/package.sh'
[17.112s] INFO:colcon.colcon_core.shell:Creating package script '/home/davide/motor-control1/install/rogue/share/rogue/package.bash'
[17.114s] INFO:colcon.colcon_core.shell:Creating package script '/home/davide/motor-control1/install/rogue/share/rogue/package.zsh'
[17.115s] Level 1:colcon.colcon_core.environment:create_file_with_runtime_dependencies(/home/davide/motor-control1/install/rogue/share/colcon-core/packages/rogue)
[17.118s] DEBUG:colcon.colcon_parallel_executor.executor.parallel:closing loop
[17.118s] DEBUG:colcon.colcon_parallel_executor.executor.parallel:loop closed
[17.118s] DEBUG:colcon.colcon_parallel_executor.executor.parallel:run_until_complete finished with '0'
[17.118s] DEBUG:colcon.colcon_core.event_reactor:joining thread
[17.221s] INFO:colcon.colcon_core.plugin_system:Skipping extension 'colcon_notification.desktop_notification.terminal_notifier': Not used on non-Darwin systems
[17.222s] INFO:colcon.colcon_core.plugin_system:Skipping extension 'colcon_notification.desktop_notification.win32': Not used on non-Windows systems
[17.222s] INFO:colcon.colcon_notification.desktop_notification:Sending desktop notification using 'notify2'
[17.263s] DEBUG:colcon.colcon_core.event_reactor:joined thread
[17.347s] INFO:colcon.colcon_core.shell:Creating prefix script '/home/davide/motor-control1/install/local_setup.ps1'
[17.351s] INFO:colcon.colcon_core.shell:Creating prefix util module '/home/davide/motor-control1/install/_local_setup_util_ps1.py'
[17.358s] INFO:colcon.colcon_core.shell:Creating prefix chain script '/home/davide/motor-control1/install/setup.ps1'
[17.436s] INFO:colcon.colcon_core.shell:Creating prefix script '/home/davide/motor-control1/install/local_setup.sh'
[17.439s] INFO:colcon.colcon_core.shell:Creating prefix util module '/home/davide/motor-control1/install/_local_setup_util_sh.py'
[17.440s] INFO:colcon.colcon_core.shell:Creating prefix chain script '/home/davide/motor-control1/install/setup.sh'
[17.516s] INFO:colcon.colcon_core.shell:Creating prefix script '/home/davide/motor-control1/install/local_setup.bash'
[17.519s] INFO:colcon.colcon_core.shell:Creating prefix chain script '/home/davide/motor-control1/install/setup.bash'
[17.594s] INFO:colcon.colcon_core.shell:Creating prefix script '/home/davide/motor-control1/install/local_setup.zsh'
[17.596s] INFO:colcon.colcon_core.shell:Creating prefix chain script '/home/davide/motor-control1/install/setup.zsh'
