[2.805s] DEBUG:colcon:Command line arguments: ['/usr/bin/colcon', 'build', '--symlink-install']
[2.805s] DEBUG:colcon:Parsed command line arguments: Namespace(log_base=None, log_level=None, verb_name='build', build_base='build', install_base='install', merge_install=False, symlink_install=True, test_result_base=None, continue_on_error=False, executor='parallel', parallel_workers=4, event_handlers=None, ignore_user_meta=False, metas=['./colcon.meta'], base_paths=['.'], packages_ignore=None, packages_ignore_regex=None, paths=None, packages_up_to=None, packages_up_to_regex=None, packages_above=None, packages_above_and_dependencies=None, packages_above_depth=None, packages_select_by_dep=None, packages_skip_by_dep=None, packages_skip_up_to=None, packages_select_build_failed=False, packages_skip_build_finished=False, packages_select_test_failures=False, packages_skip_test_passed=False, packages_select=None, packages_skip=None, packages_select_regex=None, packages_skip_regex=None, packages_start=None, packages_end=None, allow_overriding=[], cmake_args=None, cmake_target=None, cmake_target_skip_unavailable=False, cmake_clean_cache=False, cmake_clean_first=False, cmake_force_configure=False, ament_cmake_args=None, catkin_cmake_args=None, catkin_skip_building_tests=False, verb_parser=<colcon_defaults.argument_parser.defaults.DefaultArgumentsDecorator object at 0x7ff15b430d30>, verb_extension=<colcon_core.verb.build.BuildVerb object at 0x7ff15b8c7c70>, main=<bound method BuildVerb.main of <colcon_core.verb.build.BuildVerb object at 0x7ff15b8c7c70>>)
[2.925s] Level 1:colcon.colcon_core.package_discovery:discover_packages(colcon_meta) check parameters
[2.926s] Level 1:colcon.colcon_core.package_discovery:discover_packages(recursive) check parameters
[2.926s] Level 1:colcon.colcon_core.package_discovery:discover_packages(ignore) check parameters
[2.926s] Level 1:colcon.colcon_core.package_discovery:discover_packages(path) check parameters
[2.926s] Level 1:colcon.colcon_core.package_discovery:discover_packages(colcon_meta) discover
[2.926s] Level 1:colcon.colcon_core.package_discovery:discover_packages(recursive) discover
[2.926s] INFO:colcon.colcon_core.package_discovery:Crawling recursively for packages in '/home/davide/motor-control1'
[2.926s] Level 1:colcon.colcon_core.package_identification:_identify(.) by extensions ['ignore', 'ignore_ament_install']
[2.927s] Level 1:colcon.colcon_core.package_identification:_identify(.) by extension 'ignore'
[2.927s] Level 1:colcon.colcon_core.package_identification:_identify(.) by extension 'ignore_ament_install'
[2.927s] Level 1:colcon.colcon_core.package_identification:_identify(.) by extensions ['colcon_pkg']
[2.927s] Level 1:colcon.colcon_core.package_identification:_identify(.) by extension 'colcon_pkg'
[2.927s] Level 1:colcon.colcon_core.package_identification:_identify(.) by extensions ['colcon_meta']
[2.927s] Level 1:colcon.colcon_core.package_identification:_identify(.) by extension 'colcon_meta'
[2.927s] Level 1:colcon.colcon_core.package_identification:_identify(.) by extensions ['ros']
[2.927s] Level 1:colcon.colcon_core.package_identification:_identify(.) by extension 'ros'
[2.952s] Level 1:colcon.colcon_core.package_identification:_identify(.) by extensions ['cmake', 'python']
[2.952s] Level 1:colcon.colcon_core.package_identification:_identify(.) by extension 'cmake'
[2.952s] Level 1:colcon.colcon_core.package_identification:_identify(.) by extension 'python'
[2.952s] Level 1:colcon.colcon_core.package_identification:_identify(.) by extensions ['python_setup_py']
[2.952s] Level 1:colcon.colcon_core.package_identification:_identify(.) by extension 'python_setup_py'
[2.953s] Level 1:colcon.colcon_core.package_identification:_identify(build) by extensions ['ignore', 'ignore_ament_install']
[2.953s] Level 1:colcon.colcon_core.package_identification:_identify(build) by extension 'ignore'
[2.953s] Level 1:colcon.colcon_core.package_identification:_identify(build) ignored
[2.953s] Level 1:colcon.colcon_core.package_identification:_identify(install) by extensions ['ignore', 'ignore_ament_install']
[2.953s] Level 1:colcon.colcon_core.package_identification:_identify(install) by extension 'ignore'
[2.953s] Level 1:colcon.colcon_core.package_identification:_identify(install) ignored
[2.953s] Level 1:colcon.colcon_core.package_identification:_identify(log) by extensions ['ignore', 'ignore_ament_install']
[2.954s] Level 1:colcon.colcon_core.package_identification:_identify(log) by extension 'ignore'
[2.954s] Level 1:colcon.colcon_core.package_identification:_identify(log) ignored
[2.954s] Level 1:colcon.colcon_core.package_identification:_identify(src) by extensions ['ignore', 'ignore_ament_install']
[2.954s] Level 1:colcon.colcon_core.package_identification:_identify(src) by extension 'ignore'
[2.954s] Level 1:colcon.colcon_core.package_identification:_identify(src) by extension 'ignore_ament_install'
[2.954s] Level 1:colcon.colcon_core.package_identification:_identify(src) by extensions ['colcon_pkg']
[2.954s] Level 1:colcon.colcon_core.package_identification:_identify(src) by extension 'colcon_pkg'
[2.954s] Level 1:colcon.colcon_core.package_identification:_identify(src) by extensions ['colcon_meta']
[2.954s] Level 1:colcon.colcon_core.package_identification:_identify(src) by extension 'colcon_meta'
[2.954s] Level 1:colcon.colcon_core.package_identification:_identify(src) by extensions ['ros']
[2.954s] Level 1:colcon.colcon_core.package_identification:_identify(src) by extension 'ros'
[2.954s] Level 1:colcon.colcon_core.package_identification:_identify(src) by extensions ['cmake', 'python']
[2.955s] Level 1:colcon.colcon_core.package_identification:_identify(src) by extension 'cmake'
[2.955s] Level 1:colcon.colcon_core.package_identification:_identify(src) by extension 'python'
[2.955s] Level 1:colcon.colcon_core.package_identification:_identify(src) by extensions ['python_setup_py']
[2.955s] Level 1:colcon.colcon_core.package_identification:_identify(src) by extension 'python_setup_py'
[2.955s] Level 1:colcon.colcon_core.package_identification:_identify(src/rogue) by extensions ['ignore', 'ignore_ament_install']
[2.955s] Level 1:colcon.colcon_core.package_identification:_identify(src/rogue) by extension 'ignore'
[2.955s] Level 1:colcon.colcon_core.package_identification:_identify(src/rogue) by extension 'ignore_ament_install'
[2.955s] Level 1:colcon.colcon_core.package_identification:_identify(src/rogue) by extensions ['colcon_pkg']
[2.955s] Level 1:colcon.colcon_core.package_identification:_identify(src/rogue) by extension 'colcon_pkg'
[2.955s] Level 1:colcon.colcon_core.package_identification:_identify(src/rogue) by extensions ['colcon_meta']
[2.955s] Level 1:colcon.colcon_core.package_identification:_identify(src/rogue) by extension 'colcon_meta'
[2.956s] Level 1:colcon.colcon_core.package_identification:_identify(src/rogue) by extensions ['ros']
[2.956s] Level 1:colcon.colcon_core.package_identification:_identify(src/rogue) by extension 'ros'
[2.960s] DEBUG:colcon.colcon_core.package_identification:Package 'src/rogue' with type 'ros.ament_cmake' and name 'rogue'
[2.960s] Level 1:colcon.colcon_core.package_discovery:discover_packages(recursive) using defaults
[2.961s] Level 1:colcon.colcon_core.package_discovery:discover_packages(ignore) discover
[2.961s] Level 1:colcon.colcon_core.package_discovery:discover_packages(ignore) using defaults
[2.961s] Level 1:colcon.colcon_core.package_discovery:discover_packages(path) discover
[2.961s] Level 1:colcon.colcon_core.package_discovery:discover_packages(path) using defaults
[3.148s] Level 1:colcon.colcon_core.package_discovery:discover_packages(prefix_path) check parameters
[3.148s] Level 1:colcon.colcon_core.package_discovery:discover_packages(prefix_path) discover
[3.213s] DEBUG:colcon.colcon_installed_package_information.package_discovery:Found 335 installed packages in /opt/ros/humble
[3.217s] Level 1:colcon.colcon_core.package_discovery:discover_packages(prefix_path) using defaults
[3.725s] Level 5:colcon.colcon_core.verb:set package 'rogue' build argument 'cmake_args' from command line to 'None'
[3.725s] Level 5:colcon.colcon_core.verb:set package 'rogue' build argument 'cmake_target' from command line to 'None'
[3.725s] Level 5:colcon.colcon_core.verb:set package 'rogue' build argument 'cmake_target_skip_unavailable' from command line to 'False'
[3.726s] Level 5:colcon.colcon_core.verb:set package 'rogue' build argument 'cmake_clean_cache' from command line to 'False'
[3.726s] Level 5:colcon.colcon_core.verb:set package 'rogue' build argument 'cmake_clean_first' from command line to 'False'
[3.726s] Level 5:colcon.colcon_core.verb:set package 'rogue' build argument 'cmake_force_configure' from command line to 'False'
[3.726s] Level 5:colcon.colcon_core.verb:set package 'rogue' build argument 'ament_cmake_args' from command line to 'None'
[3.726s] Level 5:colcon.colcon_core.verb:set package 'rogue' build argument 'catkin_cmake_args' from command line to 'None'
[3.726s] Level 5:colcon.colcon_core.verb:set package 'rogue' build argument 'catkin_skip_building_tests' from command line to 'False'
[3.726s] DEBUG:colcon.colcon_core.verb:Building package 'rogue' with the following arguments: {'ament_cmake_args': None, 'build_base': '/home/davide/motor-control1/build/rogue', 'catkin_cmake_args': None, 'catkin_skip_building_tests': False, 'cmake_args': None, 'cmake_clean_cache': False, 'cmake_clean_first': False, 'cmake_force_configure': False, 'cmake_target': None, 'cmake_target_skip_unavailable': False, 'install_base': '/home/davide/motor-control1/install/rogue', 'merge_install': False, 'path': '/home/davide/motor-control1/src/rogue', 'symlink_install': True, 'test_result_base': None}
[3.754s] INFO:colcon.colcon_core.executor:Executing jobs using 'parallel' executor
[3.783s] DEBUG:colcon.colcon_parallel_executor.executor.parallel:run_until_complete
[3.784s] INFO:colcon.colcon_ros.task.ament_cmake.build:Building ROS package in '/home/davide/motor-control1/src/rogue' with build type 'ament_cmake'
[3.784s] INFO:colcon.colcon_cmake.task.cmake.build:Building CMake package in '/home/davide/motor-control1/src/rogue'
[3.833s] INFO:colcon.colcon_core.plugin_system:Skipping extension 'colcon_core.shell.bat': Not used on non-Windows systems
[3.833s] INFO:colcon.colcon_core.shell:Skip shell extension 'powershell' for command environment: Not usable outside of PowerShell
[3.834s] DEBUG:colcon.colcon_core.shell:Skip shell extension 'dsv' for command environment
[3.902s] DEBUG:colcon.colcon_core.event_handler.log_command:Invoking command in '/home/davide/motor-control1/build/rogue': CMAKE_PREFIX_PATH=/opt/ros/humble /usr/bin/cmake /home/davide/motor-control1/src/rogue -DAMENT_CMAKE_SYMLINK_INSTALL=1 -DCMAKE_INSTALL_PREFIX=/home/davide/motor-control1/install/rogue
[10.041s] DEBUG:colcon.colcon_core.event_handler.log_command:Invoked command in '/home/davide/motor-control1/build/rogue' returned '0': CMAKE_PREFIX_PATH=/opt/ros/humble /usr/bin/cmake /home/davide/motor-control1/src/rogue -DAMENT_CMAKE_SYMLINK_INSTALL=1 -DCMAKE_INSTALL_PREFIX=/home/davide/motor-control1/install/rogue
[10.044s] DEBUG:colcon.colcon_core.event_handler.log_command:Invoking command in '/home/davide/motor-control1/build/rogue': CMAKE_PREFIX_PATH=/opt/ros/humble /usr/bin/cmake --build /home/davide/motor-control1/build/rogue -- -j4 -l4
[10.100s] DEBUG:colcon.colcon_core.event_handler.log_command:Invoked command in '/home/davide/motor-control1/build/rogue' returned '0': CMAKE_PREFIX_PATH=/opt/ros/humble /usr/bin/cmake --build /home/davide/motor-control1/build/rogue -- -j4 -l4
[10.144s] DEBUG:colcon.colcon_core.event_handler.log_command:Invoking command in '/home/davide/motor-control1/build/rogue': CMAKE_PREFIX_PATH=/opt/ros/humble /usr/bin/cmake --install /home/davide/motor-control1/build/rogue
[10.666s] Level 1:colcon.colcon_core.environment:create_environment_scripts_only(rogue)
[10.667s] DEBUG:colcon.colcon_core.event_handler.log_command:Invoked command in '/home/davide/motor-control1/build/rogue' returned '0': CMAKE_PREFIX_PATH=/opt/ros/humble /usr/bin/cmake --install /home/davide/motor-control1/build/rogue
[10.699s] Level 1:colcon.colcon_core.environment:checking '/home/davide/motor-control1/install/rogue' for CMake module files
[10.700s] Level 1:colcon.colcon_core.environment:checking '/home/davide/motor-control1/install/rogue' for CMake config files
[10.700s] Level 1:colcon.colcon_core.shell:create_environment_hook('rogue', 'cmake_prefix_path')
[10.729s] INFO:colcon.colcon_core.shell:Creating environment hook '/home/davide/motor-control1/install/rogue/share/rogue/hook/cmake_prefix_path.ps1'
[10.732s] INFO:colcon.colcon_core.shell:Creating environment descriptor '/home/davide/motor-control1/install/rogue/share/rogue/hook/cmake_prefix_path.dsv'
[10.733s] INFO:colcon.colcon_core.shell:Creating environment hook '/home/davide/motor-control1/install/rogue/share/rogue/hook/cmake_prefix_path.sh'
[10.735s] Level 1:colcon.colcon_core.environment:checking '/home/davide/motor-control1/install/rogue/bin'
[10.735s] Level 1:colcon.colcon_core.environment:checking '/home/davide/motor-control1/install/rogue/lib/pkgconfig/rogue.pc'
[10.735s] Level 1:colcon.colcon_core.environment:checking '/home/davide/motor-control1/install/rogue/lib/python3.10/site-packages'
[10.735s] Level 1:colcon.colcon_core.environment:checking '/home/davide/motor-control1/install/rogue/bin'
[10.765s] INFO:colcon.colcon_core.shell:Creating package script '/home/davide/motor-control1/install/rogue/share/rogue/package.ps1'
[10.767s] INFO:colcon.colcon_core.shell:Creating package descriptor '/home/davide/motor-control1/install/rogue/share/rogue/package.dsv'
[10.768s] INFO:colcon.colcon_core.shell:Creating package script '/home/davide/motor-control1/install/rogue/share/rogue/package.sh'
[10.769s] INFO:colcon.colcon_core.shell:Creating package script '/home/davide/motor-control1/install/rogue/share/rogue/package.bash'
[10.770s] INFO:colcon.colcon_core.shell:Creating package script '/home/davide/motor-control1/install/rogue/share/rogue/package.zsh'
[10.771s] Level 1:colcon.colcon_core.environment:create_file_with_runtime_dependencies(/home/davide/motor-control1/install/rogue/share/colcon-core/packages/rogue)
[10.832s] Level 1:colcon.colcon_core.environment:create_environment_scripts_only(rogue)
[10.861s] Level 1:colcon.colcon_core.environment:checking '/home/davide/motor-control1/install/rogue' for CMake module files
[10.862s] Level 1:colcon.colcon_core.environment:checking '/home/davide/motor-control1/install/rogue' for CMake config files
[10.863s] Level 1:colcon.colcon_core.shell:create_environment_hook('rogue', 'cmake_prefix_path')
[10.891s] INFO:colcon.colcon_core.shell:Creating environment hook '/home/davide/motor-control1/install/rogue/share/rogue/hook/cmake_prefix_path.ps1'
[10.892s] INFO:colcon.colcon_core.shell:Creating environment descriptor '/home/davide/motor-control1/install/rogue/share/rogue/hook/cmake_prefix_path.dsv'
[10.892s] INFO:colcon.colcon_core.shell:Creating environment hook '/home/davide/motor-control1/install/rogue/share/rogue/hook/cmake_prefix_path.sh'
[10.893s] Level 1:colcon.colcon_core.environment:checking '/home/davide/motor-control1/install/rogue/bin'
[10.893s] Level 1:colcon.colcon_core.environment:checking '/home/davide/motor-control1/install/rogue/lib/pkgconfig/rogue.pc'
[10.893s] Level 1:colcon.colcon_core.environment:checking '/home/davide/motor-control1/install/rogue/lib/python3.10/site-packages'
[10.894s] Level 1:colcon.colcon_core.environment:checking '/home/davide/motor-control1/install/rogue/bin'
[10.921s] INFO:colcon.colcon_core.shell:Creating package script '/home/davide/motor-control1/install/rogue/share/rogue/package.ps1'
[10.922s] INFO:colcon.colcon_core.shell:Creating package descriptor '/home/davide/motor-control1/install/rogue/share/rogue/package.dsv'
[10.922s] INFO:colcon.colcon_core.shell:Creating package script '/home/davide/motor-control1/install/rogue/share/rogue/package.sh'
[10.923s] INFO:colcon.colcon_core.shell:Creating package script '/home/davide/motor-control1/install/rogue/share/rogue/package.bash'
[10.923s] INFO:colcon.colcon_core.shell:Creating package script '/home/davide/motor-control1/install/rogue/share/rogue/package.zsh'
[10.924s] Level 1:colcon.colcon_core.environment:create_file_with_runtime_dependencies(/home/davide/motor-control1/install/rogue/share/colcon-core/packages/rogue)
[10.924s] DEBUG:colcon.colcon_parallel_executor.executor.parallel:closing loop
[10.925s] DEBUG:colcon.colcon_parallel_executor.executor.parallel:loop closed
[10.925s] DEBUG:colcon.colcon_parallel_executor.executor.parallel:run_until_complete finished with '0'
[10.925s] DEBUG:colcon.colcon_core.event_reactor:joining thread
[10.971s] INFO:colcon.colcon_core.plugin_system:Skipping extension 'colcon_notification.desktop_notification.terminal_notifier': Not used on non-Darwin systems
[10.971s] INFO:colcon.colcon_core.plugin_system:Skipping extension 'colcon_notification.desktop_notification.win32': Not used on non-Windows systems
[10.971s] INFO:colcon.colcon_notification.desktop_notification:Sending desktop notification using 'notify2'
[10.993s] DEBUG:colcon.colcon_core.event_reactor:joined thread
[11.022s] INFO:colcon.colcon_core.shell:Creating prefix script '/home/davide/motor-control1/install/local_setup.ps1'
[11.037s] INFO:colcon.colcon_core.shell:Creating prefix util module '/home/davide/motor-control1/install/_local_setup_util_ps1.py'
[11.040s] INFO:colcon.colcon_core.shell:Creating prefix chain script '/home/davide/motor-control1/install/setup.ps1'
[11.070s] INFO:colcon.colcon_core.shell:Creating prefix script '/home/davide/motor-control1/install/local_setup.sh'
[11.071s] INFO:colcon.colcon_core.shell:Creating prefix util module '/home/davide/motor-control1/install/_local_setup_util_sh.py'
[11.071s] INFO:colcon.colcon_core.shell:Creating prefix chain script '/home/davide/motor-control1/install/setup.sh'
[11.102s] INFO:colcon.colcon_core.shell:Creating prefix script '/home/davide/motor-control1/install/local_setup.bash'
[11.103s] INFO:colcon.colcon_core.shell:Creating prefix chain script '/home/davide/motor-control1/install/setup.bash'
[11.133s] INFO:colcon.colcon_core.shell:Creating prefix script '/home/davide/motor-control1/install/local_setup.zsh'
[11.134s] INFO:colcon.colcon_core.shell:Creating prefix chain script '/home/davide/motor-control1/install/setup.zsh'
